<?xml version="1.0" encoding="UTF-8"?>
<testng-results ignored="0" total="2" passed="2" failed="0" skipped="0">
  <reporter-output>
  </reporter-output>
  <suite started-at="2023-09-16T18:47:06 IST" name="Default suite" finished-at="2023-09-16T18:47:06 IST" duration-ms="50">
    <groups>
    </groups>
    <test started-at="2023-09-16T18:47:06 IST" name="Default test" finished-at="2023-09-16T18:47:06 IST" duration-ms="50">
      <class name="com.sgtesting.parameters.Testing">
        <test-method signature="testcase1(java.lang.String,java.lang.String)[pri:0, instance:com.sgtesting.parameters.Testing@29647f75]" started-at="2023-09-16T18:47:06 IST" name="testcase1" data-provider="testdata" finished-at="2023-09-16T18:47:06 IST" duration-ms="6" status="PASS">
          <params>
            <param index="0">
              <value>
                <![CDATA[user1]]>
              </value>
            </param>
            <param index="1">
              <value>
                <![CDATA[Welcome1]]>
              </value>
            </param>
          </params>
          <reporter-output>
          </reporter-output>
        </test-method> <!-- testcase1 -->
        <test-method signature="testcase1(java.lang.String,java.lang.String)[pri:0, instance:com.sgtesting.parameters.Testing@29647f75]" started-at="2023-09-16T18:47:06 IST" name="testcase1" data-provider="testdata" finished-at="2023-09-16T18:47:06 IST" duration-ms="2" status="PASS">
          <params>
            <param index="0">
              <value>
                <![CDATA[user2]]>
              </value>
            </param>
            <param index="1">
              <value>
                <![CDATA[Welcome2]]>
              </value>
            </param>
          </params>
          <reporter-output>
          </reporter-output>
        </test-method> <!-- testcase1 -->
      </class> <!-- com.sgtesting.parameters.Testing -->
    </test> <!-- Default test -->
  </suite> <!-- Default suite -->
</testng-results>
