<?xml version="1.0" encoding="UTF-8"?>
<!-- Generated by org.testng.reporters.JUnitXMLReporter -->
<testsuite ignored="0" hostname="DESKTOP-68BCR7S" failures="0" tests="4" name="Sample Testcases" time="0.058" errors="0" timestamp="2023-09-15T18:30:20 IST">
  <testcase classname="com.sgtesting.tests.testcases.Testcases" name="method1" time="0.007"/>
  <testcase classname="com.sgtesting.tests.testcases.Testcases" name="method2" time="0.001"/>
  <testcase classname="com.sgtesting.tests.testcases.Testcases" name="method3" time="0.001"/>
  <testcase classname="com.sgtesting.tests.testcases.Testcases" name="method4" time="0.001"/>
</testsuite> <!-- Sample Testcases -->
